


ARM Macro Assembler    Page 1 


    1 00000000         ;/******************************************************
                       ***********************/
    2 00000000         ; OSasm.s: low-level OS commands, written in assembly   
                                           */
    3 00000000         ; Runs on LM4F120/TM4C123/MSP432
    4 00000000         ; A very simple real time operating system with minimal 
                       features.
    5 00000000         ; */
    6 00000000         
    7 00000000                 AREA             |.text|, CODE, READONLY, ALIGN=
2
    8 00000000                 THUMB
    9 00000000                 REQUIRE8
   10 00000000                 PRESERVE8
   11 00000000         
   12 00000000                 EXTERN           RunPt       ; currently running
                                                             thread
   13 00000000                 EXPORT           StartOS
   14 00000000                 EXPORT           SysTick_Handler
   15 00000000                 IMPORT           Scheduler
   16 00000000                 EXPORT           PendSV_Handler
   17 00000000         
   18 00000000         
   19 00000000         SysTick_Handler                      ; 1) Saves R0-R3,R1
                                                            2,LR,PC,PSR
   20 00000000 B672            CPSID            I           ; 2) Prevent interr
                                                            upt during switch
   21 00000002 E92D 0FF0       PUSH             {R4-R11}    ; 3) Save remaining
                                                             regs r4-11
   22 00000006 4814            LDR              R0, =RunPt  ; 4) R0=pointer to 
                                                            RunPt, old thread
   23 00000008 6801            LDR              R1, [R0]    ;    R1 = RunPt
   24 0000000A F8C1 D000       STR              SP, [R1]    ; 5) Save SP into T
                                                            CB
   25 0000000E B501            PUSH             {R0,LR}
   26 00000010 F7FF FFFE       BL               Scheduler
   27 00000014 E8BD 4001       POP              {R0,LR}
   28 00000018 6801            LDR              R1, [R0]    ; 6) R1 = RunPt, ne
                                                            w thread
   29 0000001A F8D1 D000       LDR              SP, [R1]    ; 7) new thread SP;
                                                             SP = RunPt->sp;
   30 0000001E E8BD 0FF0       POP              {R4-R11}    ; 8) restore regs r
                                                            4-11
   31 00000022 B662            CPSIE            I           ; 9) tasks run with
                                                             interrupts enabled
                                                            
   32 00000024 4770            BX               LR          ; 10) restore R0-R3
                                                            ,R12,LR,PC,PSR
   33 00000026         
   34 00000026         StartOS
   35 00000026 480C            LDR              R0, =RunPt  ; currently running
                                                             thread
   36 00000028 6802            LDR              R2, [R0]    ; R2 = value of Run
                                                            Pt
   37 0000002A F8D2 D000       LDR              SP, [R2]    ; new thread SP; SP
                                                             = RunPt->stackPoin
                                                            ter;
   38 0000002E E8BD 0FF0       POP              {R4-R11}    ; restore regs r4-1
                                                            1



ARM Macro Assembler    Page 2 


   39 00000032 BC0F            POP              {R0-R3}     ; restore regs r0-3
                                                            
   40 00000034 F85D CB04       POP              {R12}
   41 00000038 B001            ADD              SP,SP,#4    ; discard LR from i
                                                            nitial stack
   42 0000003A F85D EB04       POP              {LR}        ; start location
   43 0000003E B001            ADD              SP,SP,#4    ; discard PSR
   44 00000040 B662            CPSIE            I           ; Enable interrupts
                                                             at processor level
                                                            
   45 00000042 4770            BX               LR          ; start first threa
                                                            d
   46 00000044         
   47 00000044         PendSV_Handler
   48 00000044 4804            LDR              R0, =RunPt  ; run this thread n
                                                            ext
   49 00000046 6802            LDR              R2, [R0]    ; R2 = value of Run
                                                            Pt
   50 00000048 F8D2 D000       LDR              SP, [R2]    ; new thread SP; SP
                                                             = RunPt->stackPoin
                                                            ter;
   51 0000004C E8BD 0FF0       POP              {R4-R11}    ; restore regs r4-1
                                                            1
   52 00000050 F06F 0E06       LDR              LR,=0xFFFFFFF9
   53 00000054 4770            BX               LR          ; start next thread
                                                            
   54 00000056         
   55 00000056 00 00           ALIGN
   56 00000058                 END
              00000000 
Command Line: --debug --xref --diag_suppress=9931 --cpu=Cortex-M3 --apcs=interw
ork --depend=uniadapter\osasm.d -ouniadapter\osasm.o -I.\RTE\_UniAdapter -IC:\K
eil_v5\ARM\PACK\ARM\CMSIS\5.1.1\CMSIS\Include -IC:\Keil_v5\ARM\PACK\Keil\STM32F
1xx_DFP\2.2.0\Device\Include --predefine="__EVAL SETA 1" --predefine="__MICROLI
B SETA 1" --predefine="__UVISION_VERSION SETA 524" --predefine="_RTE_ SETA 1" -
-predefine="STM32F10X_MD SETA 1" --list=osasm.lst ..\Src\osasm.s



ARM Macro Assembler    Page 1 Alphabetic symbol ordering
Relocatable symbols

.text 00000000

Symbol: .text
   Definitions
      At line 7 in file ..\Src\osasm.s
   Uses
      None
Comment: .text unused
PendSV_Handler 00000044

Symbol: PendSV_Handler
   Definitions
      At line 47 in file ..\Src\osasm.s
   Uses
      At line 16 in file ..\Src\osasm.s
Comment: PendSV_Handler used once
StartOS 00000026

Symbol: StartOS
   Definitions
      At line 34 in file ..\Src\osasm.s
   Uses
      At line 13 in file ..\Src\osasm.s
Comment: StartOS used once
SysTick_Handler 00000000

Symbol: SysTick_Handler
   Definitions
      At line 19 in file ..\Src\osasm.s
   Uses
      At line 14 in file ..\Src\osasm.s
Comment: SysTick_Handler used once
4 symbols



ARM Macro Assembler    Page 1 Alphabetic symbol ordering
External symbols

RunPt 00000000

Symbol: RunPt
   Definitions
      At line 12 in file ..\Src\osasm.s
   Uses
      At line 22 in file ..\Src\osasm.s
      At line 35 in file ..\Src\osasm.s
      At line 48 in file ..\Src\osasm.s

Scheduler 00000000

Symbol: Scheduler
   Definitions
      At line 15 in file ..\Src\osasm.s
   Uses
      At line 26 in file ..\Src\osasm.s
Comment: Scheduler used once
2 symbols
343 symbols in table
